[2022-02-08T16:21:17.788Z] Validating found git in: git
[2022-02-08T16:21:17.893Z] Using git 2.35.1 from git
[2022-02-08T16:21:18.008Z] > git rev-parse --git-dir [73ms]
[2022-02-08T16:21:18.014Z] Open repository: /home/george/Repos/lemonade-api
[2022-02-08T16:21:18.144Z] > git symbolic-ref --short HEAD [40ms]
[2022-02-08T16:21:18.160Z] > git for-each-ref --format=%(refname)%00%(upstream:short)%00%(objectname)%00%(upstream:track) refs/heads/master refs/remotes/master [5ms]
[2022-02-08T16:21:18.186Z] > git remote --verbose [7ms]
[2022-02-08T16:21:18.226Z] > git for-each-ref --sort -committerdate --format %(refname) %(objectname) %(*objectname) [57ms]
[2022-02-08T16:21:18.260Z] > git config --get commit.template [1ms]
[2022-02-08T16:21:40.366Z] > git symbolic-ref --short HEAD [2ms]
[2022-02-08T16:21:40.389Z] > git for-each-ref --format=%(refname)%00%(upstream:short)%00%(objectname)%00%(upstream:track) refs/heads/master refs/remotes/master [6ms]
[2022-02-08T16:21:40.476Z] > git for-each-ref --sort -committerdate --format %(refname) %(objectname) %(*objectname) [72ms]
[2022-02-08T16:21:40.496Z] > git remote --verbose [22ms]
[2022-02-08T16:21:40.528Z] > git config --get commit.template [3ms]
[2022-02-08T16:21:49.539Z] > git symbolic-ref --short HEAD [3ms]
[2022-02-08T16:21:49.553Z] > git for-each-ref --format=%(refname)%00%(upstream:short)%00%(objectname)%00%(upstream:track) refs/heads/master refs/remotes/master [2ms]
[2022-02-08T16:21:49.577Z] > git remote --verbose [2ms]
[2022-02-08T16:21:49.578Z] > git for-each-ref --sort -committerdate --format %(refname) %(objectname) %(*objectname) [14ms]
[2022-02-08T16:21:49.593Z] > git config --get commit.template [1ms]
[2022-02-08T16:21:54.623Z] > git symbolic-ref --short HEAD [1ms]
[2022-02-08T16:21:54.640Z] > git for-each-ref --format=%(refname)%00%(upstream:short)%00%(objectname)%00%(upstream:track) refs/heads/master refs/remotes/master [2ms]
[2022-02-08T16:21:54.659Z] > git for-each-ref --sort -committerdate --format %(refname) %(objectname) %(*objectname) [11ms]
[2022-02-08T16:21:54.660Z] > git remote --verbose [2ms]
[2022-02-08T16:21:54.670Z] > git config --get commit.template [1ms]
[2022-02-08T16:21:59.698Z] > git symbolic-ref --short HEAD [1ms]
[2022-02-08T16:21:59.707Z] > git for-each-ref --format=%(refname)%00%(upstream:short)%00%(objectname)%00%(upstream:track) refs/heads/master refs/remotes/master [1ms]
[2022-02-08T16:21:59.723Z] > git remote --verbose [1ms]
[2022-02-08T16:21:59.723Z] > git for-each-ref --sort -committerdate --format %(refname) %(objectname) %(*objectname) [8ms]
[2022-02-08T16:21:59.736Z] > git config --get commit.template [1ms]
[2022-02-08T16:24:25.133Z] > git symbolic-ref --short HEAD [1ms]
[2022-02-08T16:24:25.141Z] > git for-each-ref --format=%(refname)%00%(upstream:short)%00%(objectname)%00%(upstream:track) refs/heads/master refs/remotes/master [1ms]
[2022-02-08T16:24:25.153Z] > git for-each-ref --sort -committerdate --format %(refname) %(objectname) %(*objectname) [7ms]
[2022-02-08T16:24:25.154Z] > git remote --verbose [2ms]
[2022-02-08T16:24:25.161Z] > git config --get commit.template [1ms]
[2022-02-08T16:26:26.706Z] > git symbolic-ref --short HEAD [1ms]
[2022-02-08T16:26:26.713Z] > git for-each-ref --format=%(refname)%00%(upstream:short)%00%(objectname)%00%(upstream:track) refs/heads/master refs/remotes/master [1ms]
[2022-02-08T16:26:26.726Z] > git for-each-ref --sort -committerdate --format %(refname) %(objectname) %(*objectname) [7ms]
[2022-02-08T16:26:26.726Z] > git remote --verbose [1ms]
[2022-02-08T16:26:26.733Z] > git config --get commit.template [0ms]
[2022-02-08T21:55:34.996Z] > git symbolic-ref --short HEAD [2ms]
