[Info  - 9:50:51 AM] Pylance language server 2021.12.0 (pyright acfc919d) starting
[Info  - 9:50:51 AM] Server root directory: /home/george/.vscode/extensions/ms-python.vscode-pylance-2021.12.0/dist
[Info  - 9:50:51 AM] No configuration file found.
[Info  - 9:50:51 AM] No pyproject.toml file found.
[Info  - 9:50:51 AM] Setting pythonPath for service "lemonade": "/bin/python"
[Warn  - 9:50:51 AM] stubPath /home/george/Repos/lemonade/typings is not a valid directory.
[Info  - 9:50:51 AM] Assuming Python version 3.9
[Info  - 9:50:51 AM] Assuming Python platform Linux
[Warn  - 9:50:51 AM] Exception received when installing file system watcher: TypeError [ERR_FEATURE_UNAVAILABLE_ON_PLATFORM]: The feature watch recursively is unavailable on the current platform, which is being used to run Node.js
[Warn  - 9:50:51 AM] Exception received when installing file system watcher: TypeError [ERR_FEATURE_UNAVAILABLE_ON_PLATFORM]: The feature watch recursively is unavailable on the current platform, which is being used to run Node.js
[Warn  - 9:50:51 AM] Exception received when installing file system watcher: TypeError [ERR_FEATURE_UNAVAILABLE_ON_PLATFORM]: The feature watch recursively is unavailable on the current platform, which is being used to run Node.js
[Warn  - 9:50:51 AM] Exception received when installing file system watcher: TypeError [ERR_FEATURE_UNAVAILABLE_ON_PLATFORM]: The feature watch recursively is unavailable on the current platform, which is being used to run Node.js
[Info  - 9:50:51 AM] Searching for source files
[Info  - 9:50:51 AM] Auto-excluding /home/george/Repos/lemonade/venv
[Info  - 9:50:51 AM] Found 185 source files
[Info  - 9:50:51 AM] Background analysis(1) root directory: /home/george/.vscode/extensions/ms-python.vscode-pylance-2021.12.0/dist
[Info  - 9:50:51 AM] Background analysis(1) started
[Info  - 11:22:55 AM] Searching for source files
[Info  - 11:22:55 AM] Auto-excluding /home/george/Repos/lemonade/venv
[Info  - 11:22:55 AM] Found 185 source files
