Experiment 'pythonaa' is active
Experiment 'pythonTensorboardExperiment' is active
Experiment 'pythonSurveyNotificationcf' is active
Experiment 'PythonPyTorchProfiler' is active
Experiment 'pythonDeprecatePythonPath' is active
Experiment 'pythonRunFailedTestsButtonDisplayed' is active
Experiment 'pythonRefreshTestsButtonDisplayed' is active
Experiment 'pythonRememberDebugConfig' is active
> conda info --json
> ~/.local/share/virtualenvs/lemonade-api-2K0EEa_J/bin/python ~/.vscode/extensions/ms-python.python-2021.12.1559732655/pythonFiles/interpreterInfo.py
> /bin/python ~/.vscode/extensions/ms-python.python-2021.12.1559732655/pythonFiles/interpreterInfo.py
> /bin/python2 ~/.vscode/extensions/ms-python.python-2021.12.1559732655/pythonFiles/interpreterInfo.py
> /sbin/python ~/.vscode/extensions/ms-python.python-2021.12.1559732655/pythonFiles/interpreterInfo.py
> /sbin/python2 ~/.vscode/extensions/ms-python.python-2021.12.1559732655/pythonFiles/interpreterInfo.py
> /usr/bin/python ~/.vscode/extensions/ms-python.python-2021.12.1559732655/pythonFiles/interpreterInfo.py
> /usr/bin/python2 ~/.vscode/extensions/ms-python.python-2021.12.1559732655/pythonFiles/interpreterInfo.py
> /usr/sbin/python ~/.vscode/extensions/ms-python.python-2021.12.1559732655/pythonFiles/interpreterInfo.py
> /usr/sbin/python2 ~/.vscode/extensions/ms-python.python-2021.12.1559732655/pythonFiles/interpreterInfo.py
> ~/Repos/lemonade/venv/bin/python ~/.vscode/extensions/ms-python.python-2021.12.1559732655/pythonFiles/interpreterInfo.py
Python interpreter path: /bin/python
Starting Pylance language server.
> conda --version
