[Info  - 11:21:17 AM] Pylance language server 2021.12.0 (pyright acfc919d) starting
[Info  - 11:21:17 AM] Server root directory: /home/george/.vscode/extensions/ms-python.vscode-pylance-2021.12.0/dist
[Info  - 11:21:17 AM] No configuration file found.
[Info  - 11:21:17 AM] No pyproject.toml file found.
[Info  - 11:21:17 AM] Setting pythonPath for service "lemonade": "/bin/python"
[Warn  - 11:21:17 AM] stubPath /home/george/Repos/lemonade/typings is not a valid directory.
[Info  - 11:21:17 AM] Assuming Python version 3.10
[Info  - 11:21:17 AM] Assuming Python platform Linux
[Warn  - 11:21:18 AM] Exception received when installing file system watcher: TypeError [ERR_FEATURE_UNAVAILABLE_ON_PLATFORM]: The feature watch recursively is unavailable on the current platform, which is being used to run Node.js
[Warn  - 11:21:18 AM] Exception received when installing file system watcher: TypeError [ERR_FEATURE_UNAVAILABLE_ON_PLATFORM]: The feature watch recursively is unavailable on the current platform, which is being used to run Node.js
[Warn  - 11:21:18 AM] Exception received when installing file system watcher: TypeError [ERR_FEATURE_UNAVAILABLE_ON_PLATFORM]: The feature watch recursively is unavailable on the current platform, which is being used to run Node.js
[Info  - 11:21:18 AM] Searching for source files
[Info  - 11:21:18 AM] Auto-excluding /home/george/Repos/lemonade/venv
[Info  - 11:21:18 AM] Found 185 source files
[Info  - 11:21:18 AM] Background analysis(1) root directory: /home/george/.vscode/extensions/ms-python.vscode-pylance-2021.12.0/dist
[Info  - 11:21:18 AM] Background analysis(1) started
[Info  - 11:22:09 AM] Searching for source files
[Info  - 11:22:09 AM] Auto-excluding /home/george/Repos/lemonade/venv
[Info  - 11:22:09 AM] Found 185 source files
[Info  - 11:25:19 AM] Searching for source files
[Info  - 11:25:19 AM] Auto-excluding /home/george/Repos/lemonade/venv
[Info  - 11:25:19 AM] Found 185 source files
[Info  - 11:41:40 AM] Searching for source files
[Info  - 11:41:40 AM] Auto-excluding /home/george/Repos/lemonade/venv
[Info  - 11:41:40 AM] Found 185 source files
[Info  - 11:49:52 AM] Searching for source files
[Info  - 11:49:52 AM] Auto-excluding /home/george/Repos/lemonade/venv
[Info  - 11:49:52 AM] Found 185 source files
[Info  - 12:01:11 PM] Searching for source files
[Info  - 12:01:11 PM] Auto-excluding /home/george/Repos/lemonade/venv
[Info  - 12:01:11 PM] Found 185 source files
[Info  - 12:01:35 PM] Searching for source files
[Info  - 12:01:35 PM] Auto-excluding /home/george/Repos/lemonade/venv
[Info  - 12:01:35 PM] Found 185 source files
[Info  - 4:19:49 PM] Searching for source files
[Info  - 4:19:49 PM] Auto-excluding /home/george/Repos/lemonade/venv
[Info  - 4:19:49 PM] Found 185 source files
[Info  - 4:20:41 PM] Searching for source files
[Info  - 4:20:41 PM] Auto-excluding /home/george/Repos/lemonade/venv
[Info  - 4:20:41 PM] Found 185 source files
