[2022-02-08T16:21:17.577Z] Validating found git in: git
[2022-02-08T16:21:17.642Z] Using git 2.35.1 from git
[2022-02-08T16:21:17.711Z] > git rev-parse --git-dir [39ms]
[2022-02-08T16:21:17.715Z] Open repository: /home/george/Repos/lemonade
[2022-02-08T16:21:17.751Z] > git symbolic-ref --short HEAD [1ms]
[2022-02-08T16:21:17.767Z] > git for-each-ref --format=%(refname)%00%(upstream:short)%00%(objectname)%00%(upstream:track) refs/heads/feature/onboarding-rework refs/remotes/feature/onboarding-rework [6ms]
[2022-02-08T16:21:17.796Z] > git remote --verbose [15ms]
[2022-02-08T16:21:17.921Z] > git for-each-ref --sort -committerdate --format %(refname) %(objectname) %(*objectname) [146ms]
[2022-02-08T16:21:17.956Z] > git config --get commit.template [11ms]
[2022-02-08T16:23:55.533Z] > git symbolic-ref --short HEAD [1ms]
[2022-02-08T16:23:55.542Z] > git for-each-ref --format=%(refname)%00%(upstream:short)%00%(objectname)%00%(upstream:track) refs/heads/feature/onboarding-rework refs/remotes/feature/onboarding-rework [2ms]
[2022-02-08T16:23:55.553Z] > git remote --verbose [1ms]
[2022-02-08T16:23:55.556Z] > git for-each-ref --sort -committerdate --format %(refname) %(objectname) %(*objectname) [8ms]
[2022-02-08T16:23:55.568Z] > git config --get commit.template [1ms]
[2022-02-08T16:24:00.601Z] > git symbolic-ref --short HEAD [1ms]
[2022-02-08T16:24:00.616Z] > git for-each-ref --format=%(refname)%00%(upstream:short)%00%(objectname)%00%(upstream:track) refs/heads/feature/onboarding-rework refs/remotes/feature/onboarding-rework [2ms]
[2022-02-08T16:24:00.628Z] > git remote --verbose [1ms]
[2022-02-08T16:24:00.631Z] > git for-each-ref --sort -committerdate --format %(refname) %(objectname) %(*objectname) [8ms]
[2022-02-08T16:24:00.640Z] > git config --get commit.template [0ms]
[2022-02-08T16:24:40.447Z] > git symbolic-ref --short HEAD [1ms]
[2022-02-08T16:24:40.454Z] > git for-each-ref --format=%(refname)%00%(upstream:short)%00%(objectname)%00%(upstream:track) refs/heads/feature/onboarding-rework refs/remotes/feature/onboarding-rework [2ms]
[2022-02-08T16:24:40.466Z] > git remote --verbose [2ms]
[2022-02-08T16:24:40.468Z] > git for-each-ref --sort -committerdate --format %(refname) %(objectname) %(*objectname) [9ms]
[2022-02-08T16:24:40.478Z] > git config --get commit.template [1ms]
[2022-02-08T16:24:45.496Z] > git symbolic-ref --short HEAD [0ms]
[2022-02-08T16:24:45.502Z] > git for-each-ref --format=%(refname)%00%(upstream:short)%00%(objectname)%00%(upstream:track) refs/heads/feature/onboarding-rework refs/remotes/feature/onboarding-rework [1ms]
[2022-02-08T16:24:45.513Z] > git remote --verbose [1ms]
[2022-02-08T16:24:45.516Z] > git for-each-ref --sort -committerdate --format %(refname) %(objectname) %(*objectname) [9ms]
[2022-02-08T16:24:45.525Z] > git config --get commit.template [0ms]
[2022-02-08T16:25:46.193Z] > git symbolic-ref --short HEAD [1ms]
[2022-02-08T16:25:46.201Z] > git for-each-ref --format=%(refname)%00%(upstream:short)%00%(objectname)%00%(upstream:track) refs/heads/feature/onboarding-rework refs/remotes/feature/onboarding-rework [2ms]
[2022-02-08T16:25:46.215Z] > git remote --verbose [2ms]
[2022-02-08T16:25:46.219Z] > git for-each-ref --sort -committerdate --format %(refname) %(objectname) %(*objectname) [12ms]
[2022-02-08T16:25:46.227Z] > git config --get commit.template [0ms]
[2022-02-08T16:27:23.831Z] > git symbolic-ref --short HEAD [1ms]
[2022-02-08T16:27:23.838Z] > git for-each-ref --format=%(refname)%00%(upstream:short)%00%(objectname)%00%(upstream:track) refs/heads/feature/onboarding-rework refs/remotes/feature/onboarding-rework [1ms]
[2022-02-08T16:27:23.851Z] > git remote --verbose [1ms]
[2022-02-08T16:27:23.852Z] > git for-each-ref --sort -committerdate --format %(refname) %(objectname) %(*objectname) [8ms]
[2022-02-08T16:27:23.861Z] > git config --get commit.template [1ms]
[2022-02-08T16:27:30.700Z] > git symbolic-ref --short HEAD [1ms]
[2022-02-08T16:27:30.706Z] > git for-each-ref --format=%(refname)%00%(upstream:short)%00%(objectname)%00%(upstream:track) refs/heads/feature/onboarding-rework refs/remotes/feature/onboarding-rework [2ms]
[2022-02-08T16:27:30.725Z] > git remote --verbose [2ms]
[2022-02-08T16:27:30.727Z] > git for-each-ref --sort -committerdate --format %(refname) %(objectname) %(*objectname) [13ms]
[2022-02-08T16:27:30.738Z] > git config --get commit.template [1ms]
[2022-02-08T16:27:35.819Z] > git symbolic-ref --short HEAD [1ms]
[2022-02-08T16:27:35.825Z] > git for-each-ref --format=%(refname)%00%(upstream:short)%00%(objectname)%00%(upstream:track) refs/heads/feature/onboarding-rework refs/remotes/feature/onboarding-rework [1ms]
[2022-02-08T16:27:35.836Z] > git remote --verbose [1ms]
[2022-02-08T16:27:35.839Z] > git for-each-ref --sort -committerdate --format %(refname) %(objectname) %(*objectname) [9ms]
[2022-02-08T16:27:35.847Z] > git config --get commit.template [0ms]
[2022-02-08T16:29:08.049Z] > git symbolic-ref --short HEAD [2ms]
[2022-02-08T16:29:08.057Z] > git for-each-ref --format=%(refname)%00%(upstream:short)%00%(objectname)%00%(upstream:track) refs/heads/feature/onboarding-rework refs/remotes/feature/onboarding-rework [2ms]
[2022-02-08T16:29:08.071Z] > git remote --verbose [1ms]
[2022-02-08T16:29:08.073Z] > git for-each-ref --sort -committerdate --format %(refname) %(objectname) %(*objectname) [11ms]
[2022-02-08T16:29:08.084Z] > git config --get commit.template [1ms]
[2022-02-08T21:55:34.212Z] > git symbolic-ref --short HEAD [4ms]
[2022-02-08T21:55:34.232Z] > git for-each-ref --format=%(refname)%00%(upstream:short)%00%(objectname)%00%(upstream:track) refs/heads/george/feature/name-shop refs/remotes/george/feature/name-shop [6ms]
