Validating found git in: git
Using git 2.34.1 from git
> git rev-parse --git-dir
Open repository: /home/george/Repos/lemonade
> git status -z -u
> git symbolic-ref --short HEAD
> git for-each-ref --format=%(refname)%00%(upstream:short)%00%(objectname)%00%(upstream:track) refs/heads/george/feature/logged-out-preview refs/remotes/george/feature/logged-out-preview
> git for-each-ref --sort -committerdate --format %(refname) %(objectname) %(*objectname)
> git remote --verbose
> git config --get commit.template
> git check-ignore -v -z --stdin
> git status -z -u
> git symbolic-ref --short HEAD
> git for-each-ref --format=%(refname)%00%(upstream:short)%00%(objectname)%00%(upstream:track) refs/heads/george/feature/logged-out-preview refs/remotes/george/feature/logged-out-preview
> git for-each-ref --sort -committerdate --format %(refname) %(objectname) %(*objectname)
> git remote --verbose
> git config --get commit.template
> git status -z -u
> git symbolic-ref --short HEAD
> git for-each-ref --format=%(refname)%00%(upstream:short)%00%(objectname)%00%(upstream:track) refs/heads/george/feature/logged-out-preview refs/remotes/george/feature/logged-out-preview
> git for-each-ref --sort -committerdate --format %(refname) %(objectname) %(*objectname)
> git remote --verbose
> git config --get commit.template
> git status -z -u
> git symbolic-ref --short HEAD
> git for-each-ref --format=%(refname)%00%(upstream:short)%00%(objectname)%00%(upstream:track) refs/heads/master refs/remotes/master
> git for-each-ref --sort -committerdate --format %(refname) %(objectname) %(*objectname)
> git remote --verbose
> git config --get commit.template
> git status -z -u
> git symbolic-ref --short HEAD
> git for-each-ref --format=%(refname)%00%(upstream:short)%00%(objectname)%00%(upstream:track) refs/heads/george/feature/logged-out-preview refs/remotes/george/feature/logged-out-preview
> git for-each-ref --sort -committerdate --format %(refname) %(objectname) %(*objectname)
> git remote --verbose
> git config --get commit.template
> git status -z -u
> git symbolic-ref --short HEAD
> git for-each-ref --format=%(refname)%00%(upstream:short)%00%(objectname)%00%(upstream:track) refs/heads/george/feature/logged-out-preview refs/remotes/george/feature/logged-out-preview
> git for-each-ref --sort -committerdate --format %(refname) %(objectname) %(*objectname)
> git remote --verbose
> git config --get commit.template
> git check-ignore -v -z --stdin
> git show --textconv :eternia/common/app_factory.py
> git ls-files --stage -- /home/george/Repos/lemonade/eternia/common/app_factory.py
> git status -z -u
> git symbolic-ref --short HEAD
> git cat-file -s 5042a8c056cb493c7d4c500bddc1aaccd46be938
> git for-each-ref --format=%(refname)%00%(upstream:short)%00%(objectname)%00%(upstream:track) refs/heads/george/feature/logged-out-preview refs/remotes/george/feature/logged-out-preview
> git for-each-ref --sort -committerdate --format %(refname) %(objectname) %(*objectname)
> git remote --verbose
> git config --get commit.template
> git status -z -u
> git symbolic-ref --short HEAD
> git for-each-ref --format=%(refname)%00%(upstream:short)%00%(objectname)%00%(upstream:track) refs/heads/george/feature/logged-out-preview refs/remotes/george/feature/logged-out-preview
> git for-each-ref --sort -committerdate --format %(refname) %(objectname) %(*objectname)
> git remote --verbose
> git config --get commit.template
> git show --textconv :eternia/common/app_factory.py
> git ls-files --stage -- /home/george/Repos/lemonade/eternia/common/app_factory.py
> git cat-file -s 5042a8c056cb493c7d4c500bddc1aaccd46be938
> git status -z -u
> git symbolic-ref --short HEAD
> git for-each-ref --format=%(refname)%00%(upstream:short)%00%(objectname)%00%(upstream:track) refs/heads/george/feature/logged-out-preview refs/remotes/george/feature/logged-out-preview
> git for-each-ref --sort -committerdate --format %(refname) %(objectname) %(*objectname)
> git remote --verbose
> git config --get commit.template
> git status -z -u
> git symbolic-ref --short HEAD
> git for-each-ref --format=%(refname)%00%(upstream:short)%00%(objectname)%00%(upstream:track) refs/heads/george/feature/logged-out-preview refs/remotes/george/feature/logged-out-preview
> git for-each-ref --sort -committerdate --format %(refname) %(objectname) %(*objectname)
> git remote --verbose
> git config --get commit.template
> git status -z -u
> git symbolic-ref --short HEAD
> git for-each-ref --format=%(refname)%00%(upstream:short)%00%(objectname)%00%(upstream:track) refs/heads/george/feature/logged-out-preview refs/remotes/george/feature/logged-out-preview
> git for-each-ref --sort -committerdate --format %(refname) %(objectname) %(*objectname)
> git remote --verbose
> git ls-files --stage -- /home/george/Repos/lemonade/eternia/common/app_factory.py
> git config --get commit.template
> git cat-file -s 5042a8c056cb493c7d4c500bddc1aaccd46be938
> git show --textconv :eternia/common/app_factory.py
