[2021-07-21 11:38:43.647] [info] Update for linux-x64-prod-v1.4.19 is not available
[2021-07-21 11:39:49.623] [info] Update for linux-x64-prod-v1.4.19 is not available
[2021-07-21 11:39:55.398] [info] Update for linux-x64-prod-v1.4.19 is not available
[2021-07-21 11:49:55.316] [info] Update for linux-x64-prod-v1.4.19 is not available
[2021-07-21 11:59:55.355] [info] Update for linux-x64-prod-v1.4.19 is not available
[2021-07-21 12:09:55.318] [info] Update for linux-x64-prod-v1.4.19 is not available
[2021-07-21 12:19:55.345] [info] Update for linux-x64-prod-v1.4.19 is not available
[2021-07-21 12:29:55.354] [info] Update for linux-x64-prod-v1.4.19 is not available
[2021-07-21 12:39:55.299] [info] Update for linux-x64-prod-v1.4.19 is not available
[2021-07-21 12:49:55.480] [info] Update for linux-x64-prod-v1.4.19 is not available
[2021-07-29 11:11:34.551] [info] Update for linux-x64-prod-v1.4.19 is not available
[2021-07-29 11:21:34.519] [info] Update for linux-x64-prod-v1.4.19 is not available
[2021-07-29 11:31:34.541] [info] Update for linux-x64-prod-v1.4.19 is not available
[2021-07-29 11:41:34.562] [info] Update for linux-x64-prod-v1.4.19 is not available
[2021-07-29 11:51:34.582] [info] Update for linux-x64-prod-v1.4.19 is not available
[2021-07-29 12:01:35.204] [info] Update for linux-x64-prod-v1.4.19 is not available
[2021-07-29 12:11:34.474] [info] Update for linux-x64-prod-v1.4.19 is not available
[2021-07-29 12:21:34.672] [info] Update for linux-x64-prod-v1.4.19 is not available
[2021-07-29 12:31:34.452] [info] Update for linux-x64-prod-v1.4.19 is not available
[2021-07-29 12:41:34.459] [info] Update for linux-x64-prod-v1.4.19 is not available
[2021-07-29 12:51:34.484] [info] Update for linux-x64-prod-v1.4.19 is not available
[2021-07-29 13:01:34.482] [info] Update for linux-x64-prod-v1.4.19 is not available
[2021-07-29 13:11:34.564] [info] Update for linux-x64-prod-v1.4.19 is not available
[2021-07-29 13:21:34.555] [info] Update for linux-x64-prod-v1.4.19 is not available
[2021-07-29 13:31:34.634] [info] Update for linux-x64-prod-v1.4.19 is not available
[2021-07-29 13:41:34.700] [info] Update for linux-x64-prod-v1.4.19 is not available
[2021-07-29 13:51:34.745] [info] Update for linux-x64-prod-v1.4.19 is not available
[2021-07-29 14:01:34.691] [info] Update for linux-x64-prod-v1.4.19 is not available
[2021-07-29 14:11:34.744] [info] Update for linux-x64-prod-v1.4.19 is not available
[2021-07-29 14:21:34.748] [info] Update for linux-x64-prod-v1.4.19 is not available
[2021-07-29 14:31:34.709] [info] Update for linux-x64-prod-v1.4.19 is not available
[2021-07-29 14:41:34.715] [info] Update for linux-x64-prod-v1.4.19 is not available
[2021-07-29 14:51:34.826] [info] Update for linux-x64-prod-v1.4.19 is not available
[2021-07-29 15:01:34.734] [info] Update for linux-x64-prod-v1.4.19 is not available
[2021-07-29 15:11:34.761] [info] Update for linux-x64-prod-v1.4.19 is not available
[2021-07-29 15:21:34.750] [info] Update for linux-x64-prod-v1.4.19 is not available
[2021-07-29 15:31:34.758] [info] Update for linux-x64-prod-v1.4.19 is not available
[2021-07-29 15:41:34.829] [info] Update for linux-x64-prod-v1.4.19 is not available
[2021-07-29 15:51:34.805] [info] Update for linux-x64-prod-v1.4.19 is not available
[2021-07-29 16:01:34.763] [info] Update for linux-x64-prod-v1.4.19 is not available
[2021-07-29 16:11:34.843] [info] Update for linux-x64-prod-v1.4.19 is not available
[2021-07-29 16:21:34.783] [info] Update for linux-x64-prod-v1.4.19 is not available
[2021-07-29 16:31:34.828] [info] Update for linux-x64-prod-v1.4.19 is not available
[2021-09-14 11:31:07.131] [info] Found version 1.4.20 at https://github.com/envkey/envkey-app/releases/download/linux-x64-prod-v1.4.20/EnvKey-1.4.20.AppImage
[2021-09-14 11:31:07.132] [info] Update available.
[2021-09-14 11:31:07.133] [info] Downloading updates from https://github.com/envkey/envkey-app/releases/download/linux-x64-prod-v1.4.20/EnvKey-1.4.20.AppImage
[2021-09-14 11:31:07.135] [warn] Cannot write to the directory /usr/bin
[2021-09-14 11:31:07.137] [error] Cannot write to the directory /usr/bin
[2021-09-14 12:30:21.649] [info] Found version 1.4.20 at https://github.com/envkey/envkey-app/releases/download/linux-x64-prod-v1.4.20/EnvKey-1.4.20.AppImage
[2021-09-14 12:30:21.651] [info] Update available.
[2021-09-14 12:30:21.651] [info] Downloading updates from https://github.com/envkey/envkey-app/releases/download/linux-x64-prod-v1.4.20/EnvKey-1.4.20.AppImage
[2021-09-14 12:30:21.652] [warn] Cannot write to the directory /usr/bin
[2021-09-14 12:30:21.653] [error] Cannot write to the directory /usr/bin
[2021-09-14 12:40:21.529] [info] Found version 1.4.20 at https://github.com/envkey/envkey-app/releases/download/linux-x64-prod-v1.4.20/EnvKey-1.4.20.AppImage
[2021-09-14 12:40:21.529] [info] Update available.
[2021-09-14 12:50:21.504] [info] Found version 1.4.20 at https://github.com/envkey/envkey-app/releases/download/linux-x64-prod-v1.4.20/EnvKey-1.4.20.AppImage
[2021-09-14 12:50:21.504] [info] Update available.
[2021-09-14 13:00:21.712] [info] Found version 1.4.20 at https://github.com/envkey/envkey-app/releases/download/linux-x64-prod-v1.4.20/EnvKey-1.4.20.AppImage
[2021-09-14 13:00:21.713] [info] Update available.
[2021-09-14 13:10:21.477] [info] Found version 1.4.20 at https://github.com/envkey/envkey-app/releases/download/linux-x64-prod-v1.4.20/EnvKey-1.4.20.AppImage
[2021-09-14 13:10:21.478] [info] Update available.
[2021-09-14 13:20:21.543] [info] Found version 1.4.20 at https://github.com/envkey/envkey-app/releases/download/linux-x64-prod-v1.4.20/EnvKey-1.4.20.AppImage
[2021-09-14 13:20:21.543] [info] Update available.
[2021-09-14 13:30:21.561] [info] Found version 1.4.20 at https://github.com/envkey/envkey-app/releases/download/linux-x64-prod-v1.4.20/EnvKey-1.4.20.AppImage
[2021-09-14 13:30:21.562] [info] Update available.
[2021-09-14 13:40:21.531] [info] Found version 1.4.20 at https://github.com/envkey/envkey-app/releases/download/linux-x64-prod-v1.4.20/EnvKey-1.4.20.AppImage
[2021-09-14 13:40:21.532] [info] Update available.
[2021-09-14 13:50:21.585] [info] Found version 1.4.20 at https://github.com/envkey/envkey-app/releases/download/linux-x64-prod-v1.4.20/EnvKey-1.4.20.AppImage
[2021-09-14 13:50:21.585] [info] Update available.
[2021-09-14 14:00:21.582] [info] Found version 1.4.20 at https://github.com/envkey/envkey-app/releases/download/linux-x64-prod-v1.4.20/EnvKey-1.4.20.AppImage
[2021-09-14 14:00:21.582] [info] Update available.
[2021-10-06 17:12:23.561] [info] Found version 1.4.20 at https://github.com/envkey/envkey-app/releases/download/linux-x64-prod-v1.4.20/EnvKey-1.4.20.AppImage
[2021-10-06 17:12:23.563] [info] Update available.
[2021-10-06 17:12:23.564] [info] Downloading updates from https://github.com/envkey/envkey-app/releases/download/linux-x64-prod-v1.4.20/EnvKey-1.4.20.AppImage
[2021-10-06 17:12:23.566] [warn] Cannot write to the directory /usr/bin
[2021-10-06 17:12:23.566] [error] Cannot write to the directory /usr/bin
[2021-10-12 12:21:55.696] [info] Found version 1.4.20 at https://github.com/envkey/envkey-app/releases/download/linux-x64-prod-v1.4.20/EnvKey-1.4.20.AppImage
[2021-10-12 12:21:55.698] [info] Update available.
[2021-10-12 12:21:55.698] [info] Downloading updates from https://github.com/envkey/envkey-app/releases/download/linux-x64-prod-v1.4.20/EnvKey-1.4.20.AppImage
[2021-10-12 12:21:55.700] [warn] Cannot write to the directory /usr/bin
[2021-10-12 12:21:55.700] [error] Cannot write to the directory /usr/bin
[2021-10-12 12:31:55.229] [info] Found version 1.4.20 at https://github.com/envkey/envkey-app/releases/download/linux-x64-prod-v1.4.20/EnvKey-1.4.20.AppImage
[2021-10-12 12:31:55.229] [info] Update available.
[2021-10-12 12:41:55.224] [info] Found version 1.4.20 at https://github.com/envkey/envkey-app/releases/download/linux-x64-prod-v1.4.20/EnvKey-1.4.20.AppImage
[2021-10-12 12:41:55.224] [info] Update available.
[2021-10-12 12:51:55.224] [info] Found version 1.4.20 at https://github.com/envkey/envkey-app/releases/download/linux-x64-prod-v1.4.20/EnvKey-1.4.20.AppImage
[2021-10-12 12:51:55.225] [info] Update available.
[2021-10-12 13:01:55.286] [info] Found version 1.4.20 at https://github.com/envkey/envkey-app/releases/download/linux-x64-prod-v1.4.20/EnvKey-1.4.20.AppImage
[2021-10-12 13:01:55.287] [info] Update available.
[2021-10-12 13:11:55.229] [info] Found version 1.4.20 at https://github.com/envkey/envkey-app/releases/download/linux-x64-prod-v1.4.20/EnvKey-1.4.20.AppImage
[2021-10-12 13:11:55.230] [info] Update available.
[2021-10-12 13:21:55.246] [info] Found version 1.4.20 at https://github.com/envkey/envkey-app/releases/download/linux-x64-prod-v1.4.20/EnvKey-1.4.20.AppImage
[2021-10-12 13:21:55.247] [info] Update available.
[2021-10-12 13:31:55.288] [info] Found version 1.4.20 at https://github.com/envkey/envkey-app/releases/download/linux-x64-prod-v1.4.20/EnvKey-1.4.20.AppImage
[2021-10-12 13:31:55.288] [info] Update available.
[2021-10-12 13:41:55.249] [info] Found version 1.4.20 at https://github.com/envkey/envkey-app/releases/download/linux-x64-prod-v1.4.20/EnvKey-1.4.20.AppImage
[2021-10-12 13:41:55.250] [info] Update available.
[2021-10-12 13:51:55.285] [info] Found version 1.4.20 at https://github.com/envkey/envkey-app/releases/download/linux-x64-prod-v1.4.20/EnvKey-1.4.20.AppImage
[2021-10-12 13:51:55.285] [info] Update available.
[2021-10-12 14:01:55.341] [info] Found version 1.4.20 at https://github.com/envkey/envkey-app/releases/download/linux-x64-prod-v1.4.20/EnvKey-1.4.20.AppImage
[2021-10-12 14:01:55.341] [info] Update available.
[2021-11-03 15:05:21.560] [info] Found version 1.4.20 at https://github.com/envkey/envkey-app/releases/download/linux-x64-prod-v1.4.20/EnvKey-1.4.20.AppImage
[2021-11-03 15:05:21.562] [info] Update available.
[2021-11-03 15:05:21.562] [info] Downloading updates from https://github.com/envkey/envkey-app/releases/download/linux-x64-prod-v1.4.20/EnvKey-1.4.20.AppImage
[2021-11-03 15:05:21.565] [warn] Cannot write to the directory /usr/bin
[2021-11-03 15:05:21.565] [error] Cannot write to the directory /usr/bin
[2021-11-03 15:15:21.465] [info] Found version 1.4.20 at https://github.com/envkey/envkey-app/releases/download/linux-x64-prod-v1.4.20/EnvKey-1.4.20.AppImage
[2021-11-03 15:15:21.465] [info] Update available.
[2021-11-03 15:23:52.024] [info] Found version 1.4.20 at https://github.com/envkey/envkey-app/releases/download/linux-x64-prod-v1.4.20/EnvKey-1.4.20.AppImage
[2021-11-03 15:23:52.027] [info] Update available.
[2021-11-03 15:23:52.027] [info] Downloading updates from https://github.com/envkey/envkey-app/releases/download/linux-x64-prod-v1.4.20/EnvKey-1.4.20.AppImage
[2021-11-03 15:23:52.029] [warn] Cannot write to the directory /usr/bin
[2021-11-03 15:23:52.030] [error] Cannot write to the directory /usr/bin
[2021-12-01 09:14:05.119] [info] Found version 1.4.20 at https://github.com/envkey/envkey-app/releases/download/linux-x64-prod-v1.4.20/EnvKey-1.4.20.AppImage
[2021-12-01 09:14:05.120] [info] Update available.
[2021-12-01 09:14:05.121] [info] Downloading updates from https://github.com/envkey/envkey-app/releases/download/linux-x64-prod-v1.4.20/EnvKey-1.4.20.AppImage
[2021-12-01 09:14:05.122] [warn] Cannot write to the directory /usr/bin
[2021-12-01 09:14:05.122] [error] Cannot write to the directory /usr/bin
[2021-12-01 09:24:05.014] [info] Found version 1.4.20 at https://github.com/envkey/envkey-app/releases/download/linux-x64-prod-v1.4.20/EnvKey-1.4.20.AppImage
[2021-12-01 09:24:05.014] [info] Update available.
[2021-12-01 09:34:05.032] [info] Found version 1.4.20 at https://github.com/envkey/envkey-app/releases/download/linux-x64-prod-v1.4.20/EnvKey-1.4.20.AppImage
[2021-12-01 09:34:05.033] [info] Update available.
[2021-12-01 09:44:05.011] [info] Found version 1.4.20 at https://github.com/envkey/envkey-app/releases/download/linux-x64-prod-v1.4.20/EnvKey-1.4.20.AppImage
[2021-12-01 09:44:05.012] [info] Update available.
[2021-12-01 09:54:05.018] [info] Found version 1.4.20 at https://github.com/envkey/envkey-app/releases/download/linux-x64-prod-v1.4.20/EnvKey-1.4.20.AppImage
[2021-12-01 09:54:05.018] [info] Update available.
[2021-12-01 10:04:05.035] [info] Found version 1.4.20 at https://github.com/envkey/envkey-app/releases/download/linux-x64-prod-v1.4.20/EnvKey-1.4.20.AppImage
[2021-12-01 10:04:05.035] [info] Update available.
[2021-12-01 10:14:05.039] [info] Found version 1.4.20 at https://github.com/envkey/envkey-app/releases/download/linux-x64-prod-v1.4.20/EnvKey-1.4.20.AppImage
[2021-12-01 10:14:05.039] [info] Update available.
[2021-12-01 10:24:05.074] [info] Found version 1.4.20 at https://github.com/envkey/envkey-app/releases/download/linux-x64-prod-v1.4.20/EnvKey-1.4.20.AppImage
[2021-12-01 10:24:05.075] [info] Update available.
[2021-12-01 10:34:05.113] [info] Found version 1.4.20 at https://github.com/envkey/envkey-app/releases/download/linux-x64-prod-v1.4.20/EnvKey-1.4.20.AppImage
[2021-12-01 10:34:05.114] [info] Update available.
[2021-12-01 10:44:05.129] [info] Found version 1.4.20 at https://github.com/envkey/envkey-app/releases/download/linux-x64-prod-v1.4.20/EnvKey-1.4.20.AppImage
[2021-12-01 10:44:05.129] [info] Update available.
[2021-12-01 10:54:05.152] [info] Found version 1.4.20 at https://github.com/envkey/envkey-app/releases/download/linux-x64-prod-v1.4.20/EnvKey-1.4.20.AppImage
[2021-12-01 10:54:05.152] [info] Update available.
[2021-12-01 11:04:05.242] [info] Found version 1.4.20 at https://github.com/envkey/envkey-app/releases/download/linux-x64-prod-v1.4.20/EnvKey-1.4.20.AppImage
[2021-12-01 11:04:05.242] [info] Update available.
[2021-12-01 11:14:05.189] [info] Found version 1.4.20 at https://github.com/envkey/envkey-app/releases/download/linux-x64-prod-v1.4.20/EnvKey-1.4.20.AppImage
[2021-12-01 11:14:05.189] [info] Update available.
[2021-12-01 11:24:05.166] [info] Found version 1.4.20 at https://github.com/envkey/envkey-app/releases/download/linux-x64-prod-v1.4.20/EnvKey-1.4.20.AppImage
[2021-12-01 11:24:05.166] [info] Update available.
[2021-12-01 11:34:05.190] [info] Found version 1.4.20 at https://github.com/envkey/envkey-app/releases/download/linux-x64-prod-v1.4.20/EnvKey-1.4.20.AppImage
[2021-12-01 11:34:05.191] [info] Update available.
[2021-12-01 11:44:05.242] [info] Found version 1.4.20 at https://github.com/envkey/envkey-app/releases/download/linux-x64-prod-v1.4.20/EnvKey-1.4.20.AppImage
[2021-12-01 11:44:05.243] [info] Update available.
[2021-12-01 11:54:05.247] [info] Found version 1.4.20 at https://github.com/envkey/envkey-app/releases/download/linux-x64-prod-v1.4.20/EnvKey-1.4.20.AppImage
[2021-12-01 11:54:05.247] [info] Update available.
[2021-12-01 12:01:48.987] [info] Found version 1.4.20 at https://github.com/envkey/envkey-app/releases/download/linux-x64-prod-v1.4.20/EnvKey-1.4.20.AppImage
[2021-12-01 12:01:48.989] [info] Update available.
[2021-12-01 12:01:48.989] [info] Downloading updates from https://github.com/envkey/envkey-app/releases/download/linux-x64-prod-v1.4.20/EnvKey-1.4.20.AppImage
[2021-12-01 12:01:48.991] [warn] Cannot write to the directory /usr/bin
[2021-12-01 12:01:48.992] [error] Cannot write to the directory /usr/bin
[2021-12-01 12:04:05.298] [info] Found version 1.4.20 at https://github.com/envkey/envkey-app/releases/download/linux-x64-prod-v1.4.20/EnvKey-1.4.20.AppImage
[2021-12-01 12:04:05.298] [info] Update available.
[2021-12-01 12:11:48.902] [info] Found version 1.4.20 at https://github.com/envkey/envkey-app/releases/download/linux-x64-prod-v1.4.20/EnvKey-1.4.20.AppImage
[2021-12-01 12:11:48.903] [info] Update available.
[2021-12-01 12:14:05.355] [info] Found version 1.4.20 at https://github.com/envkey/envkey-app/releases/download/linux-x64-prod-v1.4.20/EnvKey-1.4.20.AppImage
[2021-12-01 12:14:05.356] [info] Update available.
[2021-12-01 12:21:48.905] [info] Found version 1.4.20 at https://github.com/envkey/envkey-app/releases/download/linux-x64-prod-v1.4.20/EnvKey-1.4.20.AppImage
[2021-12-01 12:21:48.906] [info] Update available.
[2021-12-01 12:24:05.414] [info] Found version 1.4.20 at https://github.com/envkey/envkey-app/releases/download/linux-x64-prod-v1.4.20/EnvKey-1.4.20.AppImage
[2021-12-01 12:24:05.414] [info] Update available.
[2021-12-01 12:31:48.895] [info] Found version 1.4.20 at https://github.com/envkey/envkey-app/releases/download/linux-x64-prod-v1.4.20/EnvKey-1.4.20.AppImage
[2021-12-01 12:31:48.895] [info] Update available.
[2021-12-01 12:34:05.503] [info] Found version 1.4.20 at https://github.com/envkey/envkey-app/releases/download/linux-x64-prod-v1.4.20/EnvKey-1.4.20.AppImage
[2021-12-01 12:34:05.503] [info] Update available.
[2021-12-01 12:41:48.894] [info] Found version 1.4.20 at https://github.com/envkey/envkey-app/releases/download/linux-x64-prod-v1.4.20/EnvKey-1.4.20.AppImage
[2021-12-01 12:41:48.894] [info] Update available.
[2021-12-01 12:44:05.524] [info] Found version 1.4.20 at https://github.com/envkey/envkey-app/releases/download/linux-x64-prod-v1.4.20/EnvKey-1.4.20.AppImage
[2021-12-01 12:44:05.524] [info] Update available.
[2021-12-01 12:51:48.956] [info] Found version 1.4.20 at https://github.com/envkey/envkey-app/releases/download/linux-x64-prod-v1.4.20/EnvKey-1.4.20.AppImage
[2021-12-01 12:51:48.957] [info] Update available.
[2021-12-01 12:54:05.560] [info] Found version 1.4.20 at https://github.com/envkey/envkey-app/releases/download/linux-x64-prod-v1.4.20/EnvKey-1.4.20.AppImage
[2021-12-01 12:54:05.560] [info] Update available.
[2021-12-01 13:01:48.960] [info] Found version 1.4.20 at https://github.com/envkey/envkey-app/releases/download/linux-x64-prod-v1.4.20/EnvKey-1.4.20.AppImage
[2021-12-01 13:01:48.961] [info] Update available.
[2021-12-01 13:04:05.776] [info] Found version 1.4.20 at https://github.com/envkey/envkey-app/releases/download/linux-x64-prod-v1.4.20/EnvKey-1.4.20.AppImage
[2021-12-01 13:04:05.776] [info] Update available.
[2021-12-01 13:11:48.921] [info] Found version 1.4.20 at https://github.com/envkey/envkey-app/releases/download/linux-x64-prod-v1.4.20/EnvKey-1.4.20.AppImage
[2021-12-01 13:11:48.921] [info] Update available.
[2021-12-01 13:14:05.673] [info] Found version 1.4.20 at https://github.com/envkey/envkey-app/releases/download/linux-x64-prod-v1.4.20/EnvKey-1.4.20.AppImage
[2021-12-01 13:14:05.673] [info] Update available.
[2021-12-01 13:21:48.969] [info] Found version 1.4.20 at https://github.com/envkey/envkey-app/releases/download/linux-x64-prod-v1.4.20/EnvKey-1.4.20.AppImage
[2021-12-01 13:21:48.970] [info] Update available.
[2021-12-01 13:24:05.716] [info] Found version 1.4.20 at https://github.com/envkey/envkey-app/releases/download/linux-x64-prod-v1.4.20/EnvKey-1.4.20.AppImage
[2021-12-01 13:24:05.716] [info] Update available.
[2021-12-01 13:31:48.996] [info] Found version 1.4.20 at https://github.com/envkey/envkey-app/releases/download/linux-x64-prod-v1.4.20/EnvKey-1.4.20.AppImage
[2021-12-01 13:31:48.996] [info] Update available.
[2021-12-01 13:34:05.758] [info] Found version 1.4.20 at https://github.com/envkey/envkey-app/releases/download/linux-x64-prod-v1.4.20/EnvKey-1.4.20.AppImage
[2021-12-01 13:34:05.759] [info] Update available.
[2021-12-01 13:41:49.014] [info] Found version 1.4.20 at https://github.com/envkey/envkey-app/releases/download/linux-x64-prod-v1.4.20/EnvKey-1.4.20.AppImage
[2021-12-01 13:41:49.014] [info] Update available.
[2021-12-01 13:44:05.928] [info] Found version 1.4.20 at https://github.com/envkey/envkey-app/releases/download/linux-x64-prod-v1.4.20/EnvKey-1.4.20.AppImage
[2021-12-01 13:44:05.928] [info] Update available.
[2021-12-01 13:51:49.101] [info] Found version 1.4.20 at https://github.com/envkey/envkey-app/releases/download/linux-x64-prod-v1.4.20/EnvKey-1.4.20.AppImage
[2021-12-01 13:51:49.101] [info] Update available.
[2021-12-01 13:54:05.839] [info] Found version 1.4.20 at https://github.com/envkey/envkey-app/releases/download/linux-x64-prod-v1.4.20/EnvKey-1.4.20.AppImage
[2021-12-01 13:54:05.840] [info] Update available.
[2021-12-01 14:01:49.097] [info] Found version 1.4.20 at https://github.com/envkey/envkey-app/releases/download/linux-x64-prod-v1.4.20/EnvKey-1.4.20.AppImage
[2021-12-01 14:01:49.097] [info] Update available.
[2021-12-01 14:04:05.863] [info] Found version 1.4.20 at https://github.com/envkey/envkey-app/releases/download/linux-x64-prod-v1.4.20/EnvKey-1.4.20.AppImage
[2021-12-01 14:04:05.864] [info] Update available.
[2021-12-01 14:11:49.084] [info] Found version 1.4.20 at https://github.com/envkey/envkey-app/releases/download/linux-x64-prod-v1.4.20/EnvKey-1.4.20.AppImage
[2021-12-01 14:11:49.084] [info] Update available.
[2021-12-01 14:14:05.905] [info] Found version 1.4.20 at https://github.com/envkey/envkey-app/releases/download/linux-x64-prod-v1.4.20/EnvKey-1.4.20.AppImage
[2021-12-01 14:14:05.905] [info] Update available.
[2021-12-01 14:21:49.082] [info] Found version 1.4.20 at https://github.com/envkey/envkey-app/releases/download/linux-x64-prod-v1.4.20/EnvKey-1.4.20.AppImage
[2021-12-01 14:21:49.082] [info] Update available.
[2021-12-01 14:24:05.954] [info] Found version 1.4.20 at https://github.com/envkey/envkey-app/releases/download/linux-x64-prod-v1.4.20/EnvKey-1.4.20.AppImage
[2021-12-01 14:24:05.954] [info] Update available.
[2021-12-01 14:31:49.099] [info] Found version 1.4.20 at https://github.com/envkey/envkey-app/releases/download/linux-x64-prod-v1.4.20/EnvKey-1.4.20.AppImage
[2021-12-01 14:31:49.099] [info] Update available.
[2021-12-01 14:34:06.011] [info] Found version 1.4.20 at https://github.com/envkey/envkey-app/releases/download/linux-x64-prod-v1.4.20/EnvKey-1.4.20.AppImage
[2021-12-01 14:34:06.011] [info] Update available.
[2021-12-01 14:41:49.090] [info] Found version 1.4.20 at https://github.com/envkey/envkey-app/releases/download/linux-x64-prod-v1.4.20/EnvKey-1.4.20.AppImage
[2021-12-01 14:41:49.090] [info] Update available.
[2021-12-01 14:44:06.054] [info] Found version 1.4.20 at https://github.com/envkey/envkey-app/releases/download/linux-x64-prod-v1.4.20/EnvKey-1.4.20.AppImage
[2021-12-01 14:44:06.055] [info] Update available.
[2021-12-01 14:51:49.163] [info] Found version 1.4.20 at https://github.com/envkey/envkey-app/releases/download/linux-x64-prod-v1.4.20/EnvKey-1.4.20.AppImage
[2021-12-01 14:51:49.163] [info] Update available.
[2021-12-01 14:54:06.119] [info] Found version 1.4.20 at https://github.com/envkey/envkey-app/releases/download/linux-x64-prod-v1.4.20/EnvKey-1.4.20.AppImage
[2021-12-01 14:54:06.120] [info] Update available.
[2021-12-01 15:01:49.106] [info] Found version 1.4.20 at https://github.com/envkey/envkey-app/releases/download/linux-x64-prod-v1.4.20/EnvKey-1.4.20.AppImage
[2021-12-01 15:01:49.106] [info] Update available.
[2021-12-01 15:04:06.168] [info] Found version 1.4.20 at https://github.com/envkey/envkey-app/releases/download/linux-x64-prod-v1.4.20/EnvKey-1.4.20.AppImage
[2021-12-01 15:04:06.169] [info] Update available.
[2021-12-01 15:11:49.115] [info] Found version 1.4.20 at https://github.com/envkey/envkey-app/releases/download/linux-x64-prod-v1.4.20/EnvKey-1.4.20.AppImage
[2021-12-01 15:11:49.115] [info] Update available.
[2021-12-01 15:14:06.214] [info] Found version 1.4.20 at https://github.com/envkey/envkey-app/releases/download/linux-x64-prod-v1.4.20/EnvKey-1.4.20.AppImage
[2021-12-01 15:14:06.215] [info] Update available.
[2021-12-01 15:21:49.126] [info] Found version 1.4.20 at https://github.com/envkey/envkey-app/releases/download/linux-x64-prod-v1.4.20/EnvKey-1.4.20.AppImage
[2021-12-01 15:21:49.126] [info] Update available.
[2021-12-01 15:24:06.271] [info] Found version 1.4.20 at https://github.com/envkey/envkey-app/releases/download/linux-x64-prod-v1.4.20/EnvKey-1.4.20.AppImage
[2021-12-01 15:24:06.271] [info] Update available.
[2021-12-01 15:31:49.182] [info] Found version 1.4.20 at https://github.com/envkey/envkey-app/releases/download/linux-x64-prod-v1.4.20/EnvKey-1.4.20.AppImage
[2021-12-01 15:31:49.182] [info] Update available.
[2021-12-01 15:34:06.314] [info] Found version 1.4.20 at https://github.com/envkey/envkey-app/releases/download/linux-x64-prod-v1.4.20/EnvKey-1.4.20.AppImage
[2021-12-01 15:34:06.314] [info] Update available.
[2021-12-01 15:41:49.133] [info] Found version 1.4.20 at https://github.com/envkey/envkey-app/releases/download/linux-x64-prod-v1.4.20/EnvKey-1.4.20.AppImage
[2021-12-01 15:41:49.133] [info] Update available.
[2021-12-01 15:44:06.365] [info] Found version 1.4.20 at https://github.com/envkey/envkey-app/releases/download/linux-x64-prod-v1.4.20/EnvKey-1.4.20.AppImage
[2021-12-01 15:44:06.365] [info] Update available.
[2021-12-01 15:51:49.225] [info] Found version 1.4.20 at https://github.com/envkey/envkey-app/releases/download/linux-x64-prod-v1.4.20/EnvKey-1.4.20.AppImage
[2021-12-01 15:51:49.225] [info] Update available.
[2021-12-01 15:54:06.425] [info] Found version 1.4.20 at https://github.com/envkey/envkey-app/releases/download/linux-x64-prod-v1.4.20/EnvKey-1.4.20.AppImage
[2021-12-01 15:54:06.426] [info] Update available.
[2021-12-01 16:01:49.157] [info] Found version 1.4.20 at https://github.com/envkey/envkey-app/releases/download/linux-x64-prod-v1.4.20/EnvKey-1.4.20.AppImage
[2021-12-01 16:01:49.158] [info] Update available.
[2021-12-01 16:04:06.512] [info] Found version 1.4.20 at https://github.com/envkey/envkey-app/releases/download/linux-x64-prod-v1.4.20/EnvKey-1.4.20.AppImage
[2021-12-01 16:04:06.513] [info] Update available.
[2021-12-01 16:11:49.172] [info] Found version 1.4.20 at https://github.com/envkey/envkey-app/releases/download/linux-x64-prod-v1.4.20/EnvKey-1.4.20.AppImage
[2021-12-01 16:11:49.172] [info] Update available.
[2021-12-01 16:14:06.480] [info] Found version 1.4.20 at https://github.com/envkey/envkey-app/releases/download/linux-x64-prod-v1.4.20/EnvKey-1.4.20.AppImage
[2021-12-01 16:14:06.481] [info] Update available.
[2021-12-01 16:21:49.233] [info] Found version 1.4.20 at https://github.com/envkey/envkey-app/releases/download/linux-x64-prod-v1.4.20/EnvKey-1.4.20.AppImage
[2021-12-01 16:21:49.234] [info] Update available.
[2021-12-01 16:24:06.535] [info] Found version 1.4.20 at https://github.com/envkey/envkey-app/releases/download/linux-x64-prod-v1.4.20/EnvKey-1.4.20.AppImage
[2021-12-01 16:24:06.536] [info] Update available.
[2021-12-01 16:31:49.259] [info] Found version 1.4.20 at https://github.com/envkey/envkey-app/releases/download/linux-x64-prod-v1.4.20/EnvKey-1.4.20.AppImage
[2021-12-01 16:31:49.260] [info] Update available.
[2021-12-01 16:34:06.571] [info] Found version 1.4.20 at https://github.com/envkey/envkey-app/releases/download/linux-x64-prod-v1.4.20/EnvKey-1.4.20.AppImage
[2021-12-01 16:34:06.571] [info] Update available.
[2021-12-01 16:41:49.369] [info] Found version 1.4.20 at https://github.com/envkey/envkey-app/releases/download/linux-x64-prod-v1.4.20/EnvKey-1.4.20.AppImage
[2021-12-01 16:41:49.370] [info] Update available.
[2021-12-01 16:44:06.587] [info] Found version 1.4.20 at https://github.com/envkey/envkey-app/releases/download/linux-x64-prod-v1.4.20/EnvKey-1.4.20.AppImage
[2021-12-01 16:44:06.587] [info] Update available.
