[2022-04-19 13:27:57.877] [info]  Running version 2021.4.1
[2022-04-19 13:27:57.898] [error] [electron client protocol] FAILED to set default protocol 'insomnia://'
[2022-04-19 13:27:57.916] [info]  [electron client protocol] the current executable is not the default protocol for 'insomnia://'
[2022-04-19 13:27:58.035] [error] [electron client protocol] the default application set for 'insomnia://' was not found
[2022-04-19 13:27:58.214] [info]  [fix] Running database repairs
[2022-04-19 13:27:58.280] [info]  [db] Initialized DB at /home/george/.config/Insomnia/insomnia.$TYPE.db
[2022-04-19 13:27:58.280] [info]  [db] Init responses DB
[2022-04-19 13:27:58.291] [info]  [localstorage] Initialized at /home/george/.config/Insomnia/localStorage
[2022-04-19 13:27:58.449] [info]  [main] Loading file:///tmp/.mount_InsomnBWkKOM/resources/app.asar/renderer.html
[2022-04-19 13:27:58.462] [info]  [ga] Non-interactive General, Launched, 2021.4.1
[2022-04-19 13:27:58.477] [info]  [ga] Queued event [
  { name: 't', value: 'event' },
  { name: 'ec', value: 'General' },
  { name: 'ea', value: 'Launched' },
  { name: 'ni', value: '1' },
  { name: 'el', value: '2021.4.1' }
]
[2022-04-19 13:27:58.963] [info]  [updater] Updater not running platform=linux dev=false
[2022-04-19 13:51:13.784] [info]  [response] Delete timeline /home/george/.config/Insomnia/responses/88b28c8187b259181885fd2e1151f0709c56294e.timeline
[2022-04-19 13:51:13.786] [info]  [response] Delete body /home/george/.config/Insomnia/responses/c21ce991-0cbb-4b6a-a657-61a9d66ed8f0.response
[2022-04-19 13:51:24.257] [info]  [response] Delete body /home/george/.config/Insomnia/responses/da4e1b9a-fb46-4e44-a044-e1ce870bb423.response
[2022-04-19 13:51:24.257] [info]  [response] Delete timeline /home/george/.config/Insomnia/responses/2e68ffe26b52f885f41f58b8cffa1dd833a4dfe3.timeline
[2022-04-19 13:52:00.121] [info]  [response] Delete body /home/george/.config/Insomnia/responses/4a26698c-90fd-45ac-b6b8-d1367e6344bb.response
[2022-04-19 13:52:00.121] [info]  [response] Delete timeline /home/george/.config/Insomnia/responses/c66eff957f06bb515a7c356f32206792b1d11ddf.timeline
[2022-04-19 13:52:09.495] [info]  [response] Delete body /home/george/.config/Insomnia/responses/e70bb727-feac-4074-8d99-9a66ed9d5bbf.response
[2022-04-19 13:52:09.495] [info]  [response] Delete timeline /home/george/.config/Insomnia/responses/fa8e70adf06d10bdf5fa6fc99980f3afed4add16.timeline
[2022-04-19 16:27:59.195] [info]  [updater] Updater not running platform=linux dev=false
[2022-04-19 16:30:43.092] [info]  [response] Delete body /home/george/.config/Insomnia/responses/04ddf972-9b6f-42e2-8b5d-2fce257eed23.response
[2022-04-19 16:30:43.093] [info]  [response] Delete timeline /home/george/.config/Insomnia/responses/09c9271bb0348efc7beac9a44c2790e927b0770f.timeline
