Validating found git in: git
Using git 2.34.1 from git
> git rev-parse --git-dir
Open repository: /home/george/Repos/lemonade-api
> git status -z -u
> git symbolic-ref --short HEAD
> git for-each-ref --format=%(refname)%00%(upstream:short)%00%(objectname)%00%(upstream:track) refs/heads/george/feature/logged-out-shop-preview refs/remotes/george/feature/logged-out-shop-preview
> git for-each-ref --sort -committerdate --format %(refname) %(objectname) %(*objectname)
> git remote --verbose
> git config --get commit.template
> git check-ignore -v -z --stdin
> git show --textconv :application/webhooks/stripe.py
> git ls-files --stage -- /home/george/Repos/lemonade-api/application/webhooks/stripe.py
> git cat-file -s 330bf05007cc48559a615eb15b70fac9b3d87c26
> git status -z -u
> git symbolic-ref --short HEAD
> git for-each-ref --format=%(refname)%00%(upstream:short)%00%(objectname)%00%(upstream:track) refs/heads/george/feature/logged-out-shop-preview refs/remotes/george/feature/logged-out-shop-preview
> git for-each-ref --sort -committerdate --format %(refname) %(objectname) %(*objectname)
> git remote --verbose
> git config --get commit.template
> git ls-files --stage -- /home/george/Repos/lemonade-api/application/webhooks/stripe.py
> git cat-file -s 330bf05007cc48559a615eb15b70fac9b3d87c26
> git show --textconv :application/webhooks/stripe.py
> git status -z -u
> git symbolic-ref --short HEAD
> git for-each-ref --format=%(refname)%00%(upstream:short)%00%(objectname)%00%(upstream:track) refs/heads/george/feature/logged-out-shop-preview refs/remotes/george/feature/logged-out-shop-preview
> git for-each-ref --sort -committerdate --format %(refname) %(objectname) %(*objectname)
> git remote --verbose
> git config --get commit.template
> git status -z -u
> git ls-files --stage -- /home/george/Repos/lemonade-api/application/webhooks/stripe.py
> git symbolic-ref --short HEAD
> git cat-file -s 330bf05007cc48559a615eb15b70fac9b3d87c26
> git for-each-ref --format=%(refname)%00%(upstream:short)%00%(objectname)%00%(upstream:track) refs/heads/master refs/remotes/master
> git for-each-ref --sort -committerdate --format %(refname) %(objectname) %(*objectname)
> git remote --verbose
> git config --get commit.template
> git show --textconv :application/webhooks/stripe.py
> git config --global user.email
> git config --global user.name
> git status -z -u
> git symbolic-ref --short HEAD
> git for-each-ref --format=%(refname)%00%(upstream:short)%00%(objectname)%00%(upstream:track) refs/heads/master refs/remotes/master
> git for-each-ref --sort -committerdate --format %(refname) %(objectname) %(*objectname)
> git remote --verbose
> git config --get commit.template
> git show -s --format=%an <%ae> [%ai] 8af3bb739df7956a258df03628180737686630b6
> git show -s --format=%H%n%aN%n%aE%n%at%n%ct%n%P%n%B -z 8af3bb739df7956a258df03628180737686630b6
> git show -s --format=%an <%ae> [%ai] 77f2d441593aadf8415d881ef487d0aef1a41559
> git show -s --format=%H%n%aN%n%aE%n%at%n%ct%n%P%n%B -z 77f2d441593aadf8415d881ef487d0aef1a41559
> git show -s --format=%an <%ae> [%ai] 7a0dfd258fd3574adb4f7c18b77994dd6d727055
> git show -s --format=%H%n%aN%n%aE%n%at%n%ct%n%P%n%B -z 7a0dfd258fd3574adb4f7c18b77994dd6d727055
> git show -s --format=%an <%ae> [%ai] 92dfe4558bdecf13fb0382331c1530aa1b40fe16
> git show -s --format=%H%n%aN%n%aE%n%at%n%ct%n%P%n%B -z 92dfe4558bdecf13fb0382331c1530aa1b40fe16
> git show -s --format=%an <%ae> [%ai] c4a845a4e6eb29e249978fd15feae29340077298
> git show -s --format=%H%n%aN%n%aE%n%at%n%ct%n%P%n%B -z c4a845a4e6eb29e249978fd15feae29340077298
> git show -s --format=%an <%ae> [%ai] 5dbb64b357c4d10f985fcc8d2053c294899b9ab1
> git show -s --format=%H%n%aN%n%aE%n%at%n%ct%n%P%n%B -z 5dbb64b357c4d10f985fcc8d2053c294899b9ab1
> git show -s --format=%an <%ae> [%ai] 3566b6d79d1afdba1d4f9bcb9ea1e0fcc14cb72a
> git show -s --format=%H%n%aN%n%aE%n%at%n%ct%n%P%n%B -z 3566b6d79d1afdba1d4f9bcb9ea1e0fcc14cb72a
> git show -s --format=%an <%ae> [%ai] 2187515c4a7570f87aaddcff90f08c95baf3b9c2
> git show -s --format=%H%n%aN%n%aE%n%at%n%ct%n%P%n%B -z 2187515c4a7570f87aaddcff90f08c95baf3b9c2
> git show -s --format=%an <%ae> [%ai] 0254f68c2507b77232b092a00f6597e3a5e851ee
> git show -s --format=%H%n%aN%n%aE%n%at%n%ct%n%P%n%B -z 0254f68c2507b77232b092a00f6597e3a5e851ee
> git show -s --format=%an <%ae> [%ai] 69cef52e9bce405c9f1328d64bcb68de117358c2
> git show -s --format=%H%n%aN%n%aE%n%at%n%ct%n%P%n%B -z 69cef52e9bce405c9f1328d64bcb68de117358c2
> git show -s --format=%an <%ae> [%ai] 3a11e2912224aa90d5aa31569015db1d689a60be
> git show -s --format=%H%n%aN%n%aE%n%at%n%ct%n%P%n%B -z 3a11e2912224aa90d5aa31569015db1d689a60be
> git show -s --format=%an <%ae> [%ai] d36331ccdf11a22e89cb10d4b361a69c40403fd2
> git show -s --format=%H%n%aN%n%aE%n%at%n%ct%n%P%n%B -z d36331ccdf11a22e89cb10d4b361a69c40403fd2
> git show -s --format=%an <%ae> [%ai] 3cceb84ebf2a995234763c39d56cd387b34c2dc5
> git show -s --format=%H%n%aN%n%aE%n%at%n%ct%n%P%n%B -z 3cceb84ebf2a995234763c39d56cd387b34c2dc5
> git show -s --format=%an <%ae> [%ai] 6a6b012cea337e1f9ac6db0872e50c4b26eea36f
> git show -s --format=%H%n%aN%n%aE%n%at%n%ct%n%P%n%B -z 6a6b012cea337e1f9ac6db0872e50c4b26eea36f
> git show -s --format=%an <%ae> [%ai] 0ece64a58d3bda8f734c9dab6d17b9ddec61ccfd
> git show -s --format=%H%n%aN%n%aE%n%at%n%ct%n%P%n%B -z 0ece64a58d3bda8f734c9dab6d17b9ddec61ccfd
> git show -s --format=%an <%ae> [%ai] 363d840db97f4ae12fa42361e2c9e4ce40d2d685
> git show -s --format=%H%n%aN%n%aE%n%at%n%ct%n%P%n%B -z 363d840db97f4ae12fa42361e2c9e4ce40d2d685
> git show -s --format=%an <%ae> [%ai] a0b24b93f897f2523f0d48102bc79d9a031c5fa5
> git show -s --format=%H%n%aN%n%aE%n%at%n%ct%n%P%n%B -z a0b24b93f897f2523f0d48102bc79d9a031c5fa5
> git show -s --format=%an <%ae> [%ai] 6812914465f3abfcbed79db6ba1a71645d2e1b86
