[2021-12-09 14:42:30.780] [main] [info] update#setState idle
[2021-12-09 14:42:30.807] [main] [info] ExtensionHostStarterWorker created
[2021-12-09 14:42:31.628] [main] [info] Starting extension host with pid 206410 (fork() took 7 ms).
[2021-12-09 14:42:31.649] [main] [info] Starting extension host with pid 206411 (fork() took 6 ms).
[2021-12-09 14:43:00.796] [main] [info] update#setState checking for updates
[2021-12-09 14:43:01.150] [main] [info] update#setState idle
[2021-12-09 15:06:51.676] [main] [info] Starting extension host with pid 227649 (fork() took 7 ms).
[2021-12-09 15:06:51.892] [main] [info] Extension host with pid 227649 exited with code: 0, signal: null.
[2021-12-09 15:08:57.186] [main] [info] Extension host with pid 206410 exited with code: 0, signal: null.
[2021-12-09 15:09:01.094] [main] [info] Starting extension host with pid 229114 (fork() took 4 ms).
[2021-12-09 15:09:55.012] [main] [info] Extension host with pid 229114 exited with code: 0, signal: null.
[2021-12-09 15:09:57.611] [main] [info] Starting extension host with pid 230496 (fork() took 5 ms).
[2021-12-09 15:10:37.768] [main] [info] Extension host with pid 230496 exited with code: 0, signal: null.
[2021-12-09 15:10:38.325] [main] [info] Starting extension host with pid 230993 (fork() took 5 ms).
[2021-12-09 15:43:00.821] [main] [info] update#setState checking for updates
[2021-12-09 15:43:01.189] [main] [info] update#setState idle
[2021-12-09 16:43:00.922] [main] [info] update#setState checking for updates
[2021-12-09 16:43:01.271] [main] [info] update#setState idle
[2021-12-09 17:25:56.854] [main] [info] Extension host with pid 230993 exited with code: 0, signal: null.
[2021-12-09 17:43:01.024] [main] [info] update#setState checking for updates
[2021-12-09 17:43:01.388] [main] [info] update#setState idle
[2021-12-09 18:18:15.575] [main] [error] CodeWindow: renderer process crashed (reason: killed, code: 15)
