[2021-12-09 15:09:57.864] [renderer6] [error] [Extension Host] (node:230496) [DEP0005] DeprecationWarning: Buffer() is deprecated due to security and usability issues. Please use the Buffer.alloc(), Buffer.allocUnsafe(), or Buffer.from() methods instead.
(Use `code --trace-deprecation ...` to show where the warning was created)
[2021-12-09 15:10:38.055] [renderer6] [warning] Ignoring the error while validating workspace folder vsls:/ - No file system provider found for resource 'vsls:/'
[2021-12-09 15:10:38.629] [renderer6] [error] [Extension Host] (node:230993) [DEP0005] DeprecationWarning: Buffer() is deprecated due to security and usability issues. Please use the Buffer.alloc(), Buffer.allocUnsafe(), or Buffer.from() methods instead.
(Use `code --trace-deprecation ...` to show where the warning was created)
[2021-12-09 15:12:25.696] [renderer6] [error] Error: vsls:/application/static/js/core/Button/Button.js has changed in the meantime
    at n.apply (vscode-file://vscode-app/opt/visual-studio-code/resources/app/out/vs/workbench/workbench.desktop.main.js:876:10546)
    at async o._performTextEdits (vscode-file://vscode-app/opt/visual-studio-code/resources/app/out/vs/workbench/workbench.desktop.main.js:2369:28841)
    at async o.perform (vscode-file://vscode-app/opt/visual-studio-code/resources/app/out/vs/workbench/workbench.desktop.main.js:2369:28299)
    at async r.apply (vscode-file://vscode-app/opt/visual-studio-code/resources/app/out/vs/workbench/workbench.desktop.main.js:2369:30428)
[2021-12-09 15:12:25.696] [renderer6] [warning] IGNORING workspace edit {}
[2021-12-09 15:26:44.562] [renderer6] [error] e.resolveCompletionItem is not a function: Error: e.resolveCompletionItem is not a function
    at r._executeContributedCommand (/opt/visual-studio-code/resources/app/out/vs/workbench/services/extensions/node/extensionHostProcess.js:95:31266)
    at runMicrotasks (<anonymous>)
    at processTicksAndRejections (internal/process/task_queues.js:93:5)
[2021-12-09 16:07:43.058] [renderer6] [error] Error: vsls:/application/static/js/core/Button/Button.js has changed in the meantime
    at n._validateBeforePrepare (vscode-file://vscode-app/opt/visual-studio-code/resources/app/out/vs/workbench/workbench.desktop.main.js:876:9635)
    at n.apply (vscode-file://vscode-app/opt/visual-studio-code/resources/app/out/vs/workbench/workbench.desktop.main.js:876:10386)
    at o._performTextEdits (vscode-file://vscode-app/opt/visual-studio-code/resources/app/out/vs/workbench/workbench.desktop.main.js:2369:28967)
    at o.perform (vscode-file://vscode-app/opt/visual-studio-code/resources/app/out/vs/workbench/workbench.desktop.main.js:2369:28310)
    at r.apply (vscode-file://vscode-app/opt/visual-studio-code/resources/app/out/vs/workbench/workbench.desktop.main.js:2369:30436)
    at I.$tryApplyWorkspaceEdit (vscode-file://vscode-app/opt/visual-studio-code/resources/app/out/vs/workbench/workbench.desktop.main.js:2322:18874)
    at u._doInvokeHandler (vscode-file://vscode-app/opt/visual-studio-code/resources/app/out/vs/workbench/workbench.desktop.main.js:1506:13116)
    at u._invokeHandler (vscode-file://vscode-app/opt/visual-studio-code/resources/app/out/vs/workbench/workbench.desktop.main.js:1506:12800)
    at u._receiveRequest (vscode-file://vscode-app/opt/visual-studio-code/resources/app/out/vs/workbench/workbench.desktop.main.js:1506:11462)
    at u._receiveOneMessage (vscode-file://vscode-app/opt/visual-studio-code/resources/app/out/vs/workbench/workbench.desktop.main.js:1506:10140)
    at vscode-file://vscode-app/opt/visual-studio-code/resources/app/out/vs/workbench/workbench.desktop.main.js:1506:8236
    at a.fire (vscode-file://vscode-app/opt/visual-studio-code/resources/app/out/vs/workbench/workbench.desktop.main.js:69:1712)
    at o.fire (vscode-file://vscode-app/opt/visual-studio-code/resources/app/out/vs/workbench/workbench.desktop.main.js:85:19631)
    at d._receiveMessage (vscode-file://vscode-app/opt/visual-studio-code/resources/app/out/vs/workbench/workbench.desktop.main.js:85:24212)
    at vscode-file://vscode-app/opt/visual-studio-code/resources/app/out/vs/workbench/workbench.desktop.main.js:85:21746
    at a.fire (vscode-file://vscode-app/opt/visual-studio-code/resources/app/out/vs/workbench/workbench.desktop.main.js:69:1712)
    at s.acceptChunk (vscode-file://vscode-app/opt/visual-studio-code/resources/app/out/vs/workbench/workbench.desktop.main.js:85:16459)
    at vscode-file://vscode-app/opt/visual-studio-code/resources/app/out/vs/workbench/workbench.desktop.main.js:85:15589
    at Socket.O (vscode-file://vscode-app/opt/visual-studio-code/resources/app/out/vs/workbench/workbench.desktop.main.js:2984:8477)
    at Socket.emit (events.js:315:20)
    at addChunk (internal/streams/readable.js:309:12)
    at readableAddChunk (internal/streams/readable.js:284:9)
    at Socket.Readable.push (internal/streams/readable.js:223:10)
    at Pipe.onStreamRead (internal/stream_base_commons.js:188:23)
[2021-12-09 16:07:43.058] [renderer6] [warning] IGNORING workspace edit {}
[2021-12-09 16:07:44.812] [renderer6] [error] Error: vsls:/application/static/js/core/Button/Button.js has changed in the meantime
    at n._validateBeforePrepare (vscode-file://vscode-app/opt/visual-studio-code/resources/app/out/vs/workbench/workbench.desktop.main.js:876:9635)
    at n.apply (vscode-file://vscode-app/opt/visual-studio-code/resources/app/out/vs/workbench/workbench.desktop.main.js:876:10386)
    at o._performTextEdits (vscode-file://vscode-app/opt/visual-studio-code/resources/app/out/vs/workbench/workbench.desktop.main.js:2369:28967)
    at o.perform (vscode-file://vscode-app/opt/visual-studio-code/resources/app/out/vs/workbench/workbench.desktop.main.js:2369:28310)
    at r.apply (vscode-file://vscode-app/opt/visual-studio-code/resources/app/out/vs/workbench/workbench.desktop.main.js:2369:30436)
    at I.$tryApplyWorkspaceEdit (vscode-file://vscode-app/opt/visual-studio-code/resources/app/out/vs/workbench/workbench.desktop.main.js:2322:18874)
    at u._doInvokeHandler (vscode-file://vscode-app/opt/visual-studio-code/resources/app/out/vs/workbench/workbench.desktop.main.js:1506:13116)
    at u._invokeHandler (vscode-file://vscode-app/opt/visual-studio-code/resources/app/out/vs/workbench/workbench.desktop.main.js:1506:12800)
    at u._receiveRequest (vscode-file://vscode-app/opt/visual-studio-code/resources/app/out/vs/workbench/workbench.desktop.main.js:1506:11462)
    at u._receiveOneMessage (vscode-file://vscode-app/opt/visual-studio-code/resources/app/out/vs/workbench/workbench.desktop.main.js:1506:10140)
    at vscode-file://vscode-app/opt/visual-studio-code/resources/app/out/vs/workbench/workbench.desktop.main.js:1506:8236
    at a.fire (vscode-file://vscode-app/opt/visual-studio-code/resources/app/out/vs/workbench/workbench.desktop.main.js:69:1712)
    at o.fire (vscode-file://vscode-app/opt/visual-studio-code/resources/app/out/vs/workbench/workbench.desktop.main.js:85:19631)
    at d._receiveMessage (vscode-file://vscode-app/opt/visual-studio-code/resources/app/out/vs/workbench/workbench.desktop.main.js:85:24212)
    at vscode-file://vscode-app/opt/visual-studio-code/resources/app/out/vs/workbench/workbench.desktop.main.js:85:21746
    at a.fire (vscode-file://vscode-app/opt/visual-studio-code/resources/app/out/vs/workbench/workbench.desktop.main.js:69:1712)
    at s.acceptChunk (vscode-file://vscode-app/opt/visual-studio-code/resources/app/out/vs/workbench/workbench.desktop.main.js:85:16459)
    at vscode-file://vscode-app/opt/visual-studio-code/resources/app/out/vs/workbench/workbench.desktop.main.js:85:15589
    at Socket.O (vscode-file://vscode-app/opt/visual-studio-code/resources/app/out/vs/workbench/workbench.desktop.main.js:2984:8477)
    at Socket.emit (events.js:315:20)
    at addChunk (internal/streams/readable.js:309:12)
    at readableAddChunk (internal/streams/readable.js:284:9)
    at Socket.Readable.push (internal/streams/readable.js:223:10)
    at Pipe.onStreamRead (internal/stream_base_commons.js:188:23)
[2021-12-09 16:07:44.813] [renderer6] [warning] IGNORING workspace edit {}
[2021-12-09 16:08:10.983] [renderer6] [error] e.resolveCompletionItem is not a function: Error: e.resolveCompletionItem is not a function
    at r._executeContributedCommand (/opt/visual-studio-code/resources/app/out/vs/workbench/services/extensions/node/extensionHostProcess.js:95:31266)
    at runMicrotasks (<anonymous>)
    at processTicksAndRejections (internal/process/task_queues.js:93:5)
[2021-12-09 16:09:50.355] [renderer6] [error] e.resolveCompletionItem is not a function: Error: e.resolveCompletionItem is not a function
    at r._executeContributedCommand (/opt/visual-studio-code/resources/app/out/vs/workbench/services/extensions/node/extensionHostProcess.js:95:31266)
    at runMicrotasks (<anonymous>)
    at processTicksAndRejections (internal/process/task_queues.js:93:5)
[2021-12-09 16:09:56.995] [renderer6] [error] e.resolveCompletionItem is not a function: Error: e.resolveCompletionItem is not a function
    at r._executeContributedCommand (/opt/visual-studio-code/resources/app/out/vs/workbench/services/extensions/node/extensionHostProcess.js:95:31266)
    at runMicrotasks (<anonymous>)
    at processTicksAndRejections (internal/process/task_queues.js:93:5)
[2021-12-09 16:10:16.047] [renderer6] [error] e.resolveCompletionItem is not a function: Error: e.resolveCompletionItem is not a function
    at r._executeContributedCommand (/opt/visual-studio-code/resources/app/out/vs/workbench/services/extensions/node/extensionHostProcess.js:95:31266)
    at runMicrotasks (<anonymous>)
    at processTicksAndRejections (internal/process/task_queues.js:93:5)
[2021-12-09 16:12:18.872] [renderer6] [error] e.resolveCompletionItem is not a function: Error: e.resolveCompletionItem is not a function
    at r._executeContributedCommand (/opt/visual-studio-code/resources/app/out/vs/workbench/services/extensions/node/extensionHostProcess.js:95:31266)
    at runMicrotasks (<anonymous>)
    at processTicksAndRejections (internal/process/task_queues.js:93:5)
[2021-12-09 16:12:45.977] [renderer6] [error] e.resolveCompletionItem is not a function: Error: e.resolveCompletionItem is not a function
    at r._executeContributedCommand (/opt/visual-studio-code/resources/app/out/vs/workbench/services/extensions/node/extensionHostProcess.js:95:31266)
    at runMicrotasks (<anonymous>)
    at processTicksAndRejections (internal/process/task_queues.js:93:5)
[2021-12-09 16:14:28.752] [renderer6] [error] e.resolveCompletionItem is not a function: Error: e.resolveCompletionItem is not a function
    at r._executeContributedCommand (/opt/visual-studio-code/resources/app/out/vs/workbench/services/extensions/node/extensionHostProcess.js:95:31266)
    at runMicrotasks (<anonymous>)
    at processTicksAndRejections (internal/process/task_queues.js:93:5)
[2021-12-09 16:14:36.844] [renderer6] [error] e.resolveCompletionItem is not a function: Error: e.resolveCompletionItem is not a function
    at r._executeContributedCommand (/opt/visual-studio-code/resources/app/out/vs/workbench/services/extensions/node/extensionHostProcess.js:95:31266)
    at runMicrotasks (<anonymous>)
    at processTicksAndRejections (internal/process/task_queues.js:93:5)
[2021-12-09 16:14:48.859] [renderer6] [error] e.resolveCompletionItem is not a function: Error: e.resolveCompletionItem is not a function
    at r._executeContributedCommand (/opt/visual-studio-code/resources/app/out/vs/workbench/services/extensions/node/extensionHostProcess.js:95:31266)
    at runMicrotasks (<anonymous>)
    at processTicksAndRejections (internal/process/task_queues.js:93:5)
[2021-12-09 16:15:17.538] [renderer6] [error] e.resolveCompletionItem is not a function: Error: e.resolveCompletionItem is not a function
    at r._executeContributedCommand (/opt/visual-studio-code/resources/app/out/vs/workbench/services/extensions/node/extensionHostProcess.js:95:31266)
    at runMicrotasks (<anonymous>)
    at processTicksAndRejections (internal/process/task_queues.js:93:5)
[2021-12-09 16:21:05.591] [renderer6] [error] e.resolveCompletionItem is not a function: Error: e.resolveCompletionItem is not a function
    at r._executeContributedCommand (/opt/visual-studio-code/resources/app/out/vs/workbench/services/extensions/node/extensionHostProcess.js:95:31266)
    at runMicrotasks (<anonymous>)
    at processTicksAndRejections (internal/process/task_queues.js:93:5)
[2021-12-09 16:21:47.052] [renderer6] [error] e.resolveCompletionItem is not a function: Error: e.resolveCompletionItem is not a function
    at r._executeContributedCommand (/opt/visual-studio-code/resources/app/out/vs/workbench/services/extensions/node/extensionHostProcess.js:95:31266)
    at runMicrotasks (<anonymous>)
    at processTicksAndRejections (internal/process/task_queues.js:93:5)
[2021-12-09 16:22:01.006] [renderer6] [error] e.resolveCompletionItem is not a function: Error: e.resolveCompletionItem is not a function
    at r._executeContributedCommand (/opt/visual-studio-code/resources/app/out/vs/workbench/services/extensions/node/extensionHostProcess.js:95:31266)
    at runMicrotasks (<anonymous>)
    at processTicksAndRejections (internal/process/task_queues.js:93:5)
[2021-12-09 16:24:03.552] [renderer6] [error] e.resolveCompletionItem is not a function: Error: e.resolveCompletionItem is not a function
    at r._executeContributedCommand (/opt/visual-studio-code/resources/app/out/vs/workbench/services/extensions/node/extensionHostProcess.js:95:31266)
    at runMicrotasks (<anonymous>)
    at processTicksAndRejections (internal/process/task_queues.js:93:5)
[2021-12-09 16:28:41.293] [renderer6] [error] e.resolveCompletionItem is not a function: Error: e.resolveCompletionItem is not a function
    at r._executeContributedCommand (/opt/visual-studio-code/resources/app/out/vs/workbench/services/extensions/node/extensionHostProcess.js:95:31266)
    at runMicrotasks (<anonymous>)
    at processTicksAndRejections (internal/process/task_queues.js:93:5)
[2021-12-09 16:28:44.506] [renderer6] [error] e.resolveCompletionItem is not a function: Error: e.resolveCompletionItem is not a function
    at r._executeContributedCommand (/opt/visual-studio-code/resources/app/out/vs/workbench/services/extensions/node/extensionHostProcess.js:95:31266)
    at runMicrotasks (<anonymous>)
    at processTicksAndRejections (internal/process/task_queues.js:93:5)
[2021-12-09 16:32:27.037] [renderer6] [info] [lifecycle]: Shutdown was prevented (id: veto.backups)
