Validating found git in: git
Using git 2.34.1 from git
> git rev-parse --git-dir
Open repository: /home/george/Repos/lemonade
> git status -z -u
> git symbolic-ref --short HEAD
> git for-each-ref --format=%(refname)%00%(upstream:short)%00%(objectname)%00%(upstream:track) refs/heads/feature/rebrand-products refs/remotes/feature/rebrand-products
> git for-each-ref --sort -committerdate --format %(refname) %(objectname) %(*objectname)
> git remote --verbose
> git config --get commit.template
> git show --textconv :application/static/js/core/Logo/Logo.js
> git ls-files --stage -- /home/george/Repos/lemonade/application/static/js/core/Logo/Logo.js
> git cat-file -s 23a40e759c6596a7f579dc0c857d059c04fd3d16
> git check-ignore -v -z --stdin
> git check-ignore -v -z --stdin
> git status -z -u
> git symbolic-ref --short HEAD
> git for-each-ref --format=%(refname)%00%(upstream:short)%00%(objectname)%00%(upstream:track) refs/heads/george/feature/test-tailwind-upgrade refs/remotes/george/feature/test-tailwind-upgrade
> git for-each-ref --sort -committerdate --format %(refname) %(objectname) %(*objectname)
> git remote --verbose
> git ls-files --stage -- /home/george/Repos/lemonade/application/static/js/core/Logo/Logo.js
> git config --get commit.template
> git cat-file -s 23a40e759c6596a7f579dc0c857d059c04fd3d16
> git show --textconv :application/static/js/core/Logo/Logo.js
> git status -z -u
> git symbolic-ref --short HEAD
> git for-each-ref --format=%(refname)%00%(upstream:short)%00%(objectname)%00%(upstream:track) refs/heads/george/feature/test-tailwind-upgrade refs/remotes/george/feature/test-tailwind-upgrade
> git for-each-ref --sort -committerdate --format %(refname) %(objectname) %(*objectname)
> git remote --verbose
> git config --get commit.template
> git status -z -u
> git symbolic-ref --short HEAD
> git for-each-ref --format=%(refname)%00%(upstream:short)%00%(objectname)%00%(upstream:track) refs/heads/george/feature/test-tailwind-upgrade refs/remotes/george/feature/test-tailwind-upgrade
> git for-each-ref --sort -committerdate --format %(refname) %(objectname) %(*objectname)
> git remote --verbose
> git config --get commit.template
> git status -z -u
> git symbolic-ref --short HEAD
> git for-each-ref --format=%(refname)%00%(upstream:short)%00%(objectname)%00%(upstream:track) refs/heads/george/feature/test-tailwind-upgrade refs/remotes/george/feature/test-tailwind-upgrade
> git for-each-ref --sort -committerdate --format %(refname) %(objectname) %(*objectname)
> git remote --verbose
> git config --get commit.template
> git check-ignore -v -z --stdin
> git show --textconv :application/static/js/core/Button/Button.js
> git ls-files --stage -- /home/george/Repos/lemonade/application/static/js/core/Button/Button.js
> git cat-file -s 41e6f22b95b2eedadfae255a16c9c8fd31274609
> git status -z -u
> git symbolic-ref --short HEAD
> git for-each-ref --format=%(refname)%00%(upstream:short)%00%(objectname)%00%(upstream:track) refs/heads/george/feature/test-tailwind-upgrade refs/remotes/george/feature/test-tailwind-upgrade
> git for-each-ref --sort -committerdate --format %(refname) %(objectname) %(*objectname)
> git remote --verbose
> git config --get commit.template
> git status -z -u
> git symbolic-ref --short HEAD
> git for-each-ref --format=%(refname)%00%(upstream:short)%00%(objectname)%00%(upstream:track) refs/heads/george/feature/test-tailwind-upgrade refs/remotes/george/feature/test-tailwind-upgrade
> git for-each-ref --sort -committerdate --format %(refname) %(objectname) %(*objectname)
> git remote --verbose
> git config --get commit.template
> git status -z -u
> git symbolic-ref --short HEAD
> git for-each-ref --format=%(refname)%00%(upstream:short)%00%(objectname)%00%(upstream:track) refs/heads/george/feature/test-tailwind-upgrade refs/remotes/george/feature/test-tailwind-upgrade
> git for-each-ref --sort -committerdate --format %(refname) %(objectname) %(*objectname)
> git remote --verbose
> git ls-files --stage -- /home/george/Repos/lemonade/application/static/js/core/Button/Button.js
> git config --get commit.template
> git cat-file -s a17433124c73556df978cb3e2fa4c6a2556519a9
> git show --textconv :application/static/js/core/Button/Button.js
> git status -z -u
> git symbolic-ref --short HEAD
> git for-each-ref --format=%(refname)%00%(upstream:short)%00%(objectname)%00%(upstream:track) refs/heads/george/feature/test-tailwind-upgrade refs/remotes/george/feature/test-tailwind-upgrade
> git for-each-ref --sort -committerdate --format %(refname) %(objectname) %(*objectname)
> git remote --verbose
> git config --get commit.template
> git status -z -u
> git symbolic-ref --short HEAD
> git for-each-ref --format=%(refname)%00%(upstream:short)%00%(objectname)%00%(upstream:track) refs/heads/george/feature/test-tailwind-upgrade refs/remotes/george/feature/test-tailwind-upgrade
> git for-each-ref --sort -committerdate --format %(refname) %(objectname) %(*objectname)
> git remote --verbose
> git config --get commit.template
